
///////////////////////////////////
// Efinity Synthesis Started 
// May 14, 2022 12:22:34
///////////////////////////////////

[EFX-0012 VERI-INFO] default VHDL library search path is now "C:/Efinity/2021.2/sim_models/vhdl/packages/vhdl_2008" (VHDL-1504) 
[EFX-0011 VERI-WARNING] redeclaration of ANSI port 'video_vsync_o' is not allowed (VERI-1372) (C:/Users\sanas\OneDrive\Documents\MIPI_Loopback\video_gen.v:55)
[EFX-0011 VERI-WARNING] redeclaration of ANSI port 'video_hsync_o' is not allowed (VERI-1372) (C:/Users\sanas\OneDrive\Documents\MIPI_Loopback\video_gen.v:56)
[EFX-0011 VERI-WARNING] redeclaration of ANSI port 'video_hsync_o_2' is not allowed (VERI-1372) (C:/Users\sanas\OneDrive\Documents\MIPI_Loopback\video_gen.v:57)
[EFX-0011 VERI-WARNING] redeclaration of ANSI port 'red_o' is not allowed (VERI-1372) (C:/Users\sanas\OneDrive\Documents\MIPI_Loopback\video_gen.v:146)
[EFX-0011 VERI-WARNING] redeclaration of ANSI port 'green_o' is not allowed (VERI-1372) (C:/Users\sanas\OneDrive\Documents\MIPI_Loopback\video_gen.v:147)
[EFX-0011 VERI-WARNING] redeclaration of ANSI port 'blue_o' is not allowed (VERI-1372) (C:/Users\sanas\OneDrive\Documents\MIPI_Loopback\video_gen.v:148)
[EFX-0012 VERI-INFO] undeclared symbol 'valid_h_golden', assumed default net type 'wire' (VERI-2561) (C:/Users\sanas\OneDrive\Documents\MIPI_Loopback\mipi_loopback_top.v:478)
[EFX-0012 VERI-INFO] undeclared symbol 'vga_hs', assumed default net type 'wire' (VERI-2561) (C:/Users\sanas\OneDrive\Documents\MIPI_Loopback\mipi_loopback_top.v:546)
[EFX-0012 VERI-INFO] undeclared symbol 'vga_vs', assumed default net type 'wire' (VERI-2561) (C:/Users\sanas\OneDrive\Documents\MIPI_Loopback\mipi_loopback_top.v:547)
[EFX-0012 VERI-INFO] undeclared symbol 'vga_r', assumed default net type 'wire' (VERI-2561) (C:/Users\sanas\OneDrive\Documents\MIPI_Loopback\mipi_loopback_top.v:549)
[EFX-0012 VERI-INFO] undeclared symbol 'vga_g', assumed default net type 'wire' (VERI-2561) (C:/Users\sanas\OneDrive\Documents\MIPI_Loopback\mipi_loopback_top.v:550)
[EFX-0012 VERI-INFO] undeclared symbol 'vga_b', assumed default net type 'wire' (VERI-2561) (C:/Users\sanas\OneDrive\Documents\MIPI_Loopback\mipi_loopback_top.v:551)
[EFX-0012 VERI-INFO] compiling module 'mipi_loopback_top' (VERI-1018) (C:/Users\sanas\OneDrive\Documents\MIPI_Loopback\mipi_loopback_top.v:14)
[EFX-0012 VERI-INFO] compiling module 'video_gen' (VERI-1018) (C:/Users\sanas\OneDrive\Documents\MIPI_Loopback\video_gen.v:14)
[EFX-0011 VERI-WARNING] actual bit length 4 differs from formal bit length 2 for port 'video_pattern' (VERI-1330) (C:/Users\sanas\OneDrive\Documents\MIPI_Loopback\mipi_loopback_top.v:137)
[EFX-0012 VERI-INFO] compiling module 'sw_counter(MAX_CNT=4)' (VERI-1018) (C:/Users\sanas\OneDrive\Documents\MIPI_Loopback\sw_counter.v:14)
[EFX-0011 VERI-WARNING] expression size 4 truncated to fit in target size 3 (VERI-1209) (C:/Users\sanas\OneDrive\Documents\MIPI_Loopback\mipi_loopback_top.v:231)
[EFX-0011 VERI-WARNING] expression size 4 truncated to fit in target size 3 (VERI-1209) (C:/Users\sanas\OneDrive\Documents\MIPI_Loopback\mipi_loopback_top.v:430)
[EFX-0012 VERI-INFO] compiling module 'fifo(DATA_WIDTH=16,ADDR_WIDTH=12)' (VERI-1018) (C:/Users\sanas\OneDrive\Documents\MIPI_Loopback\fifo.v:14)
[EFX-0011 VERI-WARNING] expression size 14 truncated to fit in target size 13 (VERI-1209) (C:/Users\sanas\OneDrive\Documents\MIPI_Loopback\fifo.v:53)
[EFX-0011 VERI-WARNING] expression size 14 truncated to fit in target size 13 (VERI-1209) (C:/Users\sanas\OneDrive\Documents\MIPI_Loopback\fifo.v:54)
[EFX-0011 VERI-WARNING] expression size 32 truncated to fit in target size 13 (VERI-1209) (C:/Users\sanas\OneDrive\Documents\MIPI_Loopback\fifo.v:55)
[EFX-0011 VERI-WARNING] expression size 14 truncated to fit in target size 13 (VERI-1209) (C:/Users\sanas\OneDrive\Documents\MIPI_Loopback\fifo.v:56)
[EFX-0012 VERI-INFO] compiling module 'memory(DATA_WIDTH=16,ADDR_WIDTH=12,RAM_DEPTH=4096)' (VERI-1018) (C:/Users\sanas\OneDrive\Documents\MIPI_Loopback\memory.v:14)
[EFX-0012 VERI-INFO] extracting RAM for identifier 'mem' (VERI-2571) (C:/Users\sanas\OneDrive\Documents\MIPI_Loopback\memory.v:44)
[EFX-0011 VERI-WARNING] actual bit length 13 differs from formal bit length 12 for port 'waddr' (VERI-1330) (C:/Users\sanas\OneDrive\Documents\MIPI_Loopback\fifo.v:72)
[EFX-0011 VERI-WARNING] actual bit length 13 differs from formal bit length 12 for port 'raddr' (VERI-1330) (C:/Users\sanas\OneDrive\Documents\MIPI_Loopback\fifo.v:76)
[EFX-0011 VERI-WARNING] actual bit length 4 differs from formal bit length 2 for port 'video_pattern' (VERI-1330) (C:/Users\sanas\OneDrive\Documents\MIPI_Loopback\mipi_loopback_top.v:515)
[EFX-0012 VERI-INFO] compiling module 'sw_counter(MAX_CNT=2)' (VERI-1018) (C:/Users\sanas\OneDrive\Documents\MIPI_Loopback\sw_counter.v:14)
[EFX-0011 VERI-WARNING] expression size 5 truncated to fit in target size 1 (VERI-1209) (C:/Users\sanas\OneDrive\Documents\MIPI_Loopback\mipi_loopback_top.v:549)
[EFX-0011 VERI-WARNING] expression size 6 truncated to fit in target size 1 (VERI-1209) (C:/Users\sanas\OneDrive\Documents\MIPI_Loopback\mipi_loopback_top.v:550)
[EFX-0011 VERI-WARNING] expression size 5 truncated to fit in target size 1 (VERI-1209) (C:/Users\sanas\OneDrive\Documents\MIPI_Loopback\mipi_loopback_top.v:551)
[EFX-0011 VERI-WARNING] expression size 5 truncated to fit in target size 4 (VERI-1209) (C:/Users\sanas\OneDrive\Documents\MIPI_Loopback\mipi_loopback_top.v:577)
[EFX-0011 VERI-WARNING] expression size 21 truncated to fit in target size 20 (VERI-1209) (C:/Users\sanas\OneDrive\Documents\MIPI_Loopback\mipi_loopback_top.v:610)
[EFX-0011 VERI-WARNING] expression size 26 truncated to fit in target size 25 (VERI-1209) (C:/Users\sanas\OneDrive\Documents\MIPI_Loopback\mipi_loopback_top.v:629)
[EFX-0011 VERI-WARNING] expression size 32 truncated to fit in target size 1 (VERI-1209) (C:/Users\sanas\OneDrive\Documents\MIPI_Loopback\mipi_loopback_top.v:633)
[EFX-0012 VERI-INFO] compiling module 'edb_top' (VERI-1018) (C:/Users\sanas\OneDrive\Documents\MIPI_Loopback\debug_top.v:10)
[EFX-0012 VERI-INFO] compiling module 'edb_vio_top(NUM_PROBE_IN=7,NUM_PROBE_OUT=0,PROBE_IN0_WIDTH=18,PROBE_IN1_WIDTH=6,PROBE_IN2_WIDTH=2,PROBE_IN4_WIDTH=20,PROBE_IN5_WIDTH=20)' (VERI-1018) (C:/Users\sanas\OneDrive\Documents\MIPI_Loopback\debug_top.v:513)
[EFX-0012 VERI-INFO] compiling module 'vio_core(INT_WIDTH=68,OUT_WIDTH=0,PROBE_OUT_INIT_VAL=1'b0)' (VERI-1018) (C:/Users\sanas\OneDrive\Documents\MIPI_Loopback\debug_top.v:1070)
[EFX-0012 VERI-INFO] compiling module 'adbg_crc32' (VERI-1018) (C:/Users\sanas\OneDrive\Documents\MIPI_Loopback\debug_top.v:306)
[EFX-0012 VERI-INFO] compiling module 'syncer' (VERI-1018) (C:/Users\sanas\OneDrive\Documents\MIPI_Loopback\debug_top.v:1828)
[EFX-0011 VERI-WARNING] net 'probe_out_sync[0]' does not have a driver (VDB-1002) (C:/Users\sanas\OneDrive\Documents\MIPI_Loopback\debug_top.v:1232)
[EFX-0012 VERI-INFO] compiling module 'debug_hub' (VERI-1018) (C:/Users\sanas\OneDrive\Documents\MIPI_Loopback\debug_top.v:384)
[EFX-0011 VERI-WARNING] actual bit length 4 differs from formal bit length 2 for port 'VIO_0_video_pattern' (VERI-1330) (C:/Users\sanas\OneDrive\Documents\MIPI_Loopback\mipi_loopback_top.v:651)
[EFX-0000 INFO] Setting Synthesis Option: mode=speed
[EFX-0012 VERI-INFO] compiling module 'EFX_ADD' (VERI-1018) (C:/Efinity/2021.2/sim_models/maplib/efinix_maplib.v:6)
[EFX-0012 VERI-INFO] compiling module 'EFX_FF' (VERI-1018) (C:/Efinity/2021.2/sim_models/maplib/efinix_maplib.v:19)
[EFX-0012 VERI-INFO] compiling module 'EFX_COMB4' (VERI-1018) (C:/Efinity/2021.2/sim_models/maplib/efinix_maplib.v:36)
[EFX-0012 VERI-INFO] compiling module 'EFX_GBUFCE' (VERI-1018) (C:/Efinity/2021.2/sim_models/maplib/efinix_maplib.v:46)
[EFX-0012 VERI-INFO] compiling module 'EFX_IDDR' (VERI-1018) (C:/Efinity/2021.2/sim_models/maplib/efinix_maplib.v:55)
[EFX-0012 VERI-INFO] compiling module 'EFX_ODDR' (VERI-1018) (C:/Efinity/2021.2/sim_models/maplib/efinix_maplib.v:69)
[EFX-0012 VERI-INFO] compiling module 'EFX_IOBUF' (VERI-1018) (C:/Efinity/2021.2/sim_models/maplib/efinix_maplib.v:85)
[EFX-0012 VERI-INFO] compiling module 'EFX_LUT4' (VERI-1018) (C:/Efinity/2021.2/sim_models/maplib/efinix_maplib.v:97)
[EFX-0012 VERI-INFO] compiling module 'EFX_MULT' (VERI-1018) (C:/Efinity/2021.2/sim_models/maplib/efinix_maplib.v:105)
[EFX-0012 VERI-INFO] compiling module 'EFX_DSP48' (VERI-1018) (C:/Efinity/2021.2/sim_models/maplib/efinix_maplib.v:140)
[EFX-0012 VERI-INFO] compiling module 'EFX_DSP24' (VERI-1018) (C:/Efinity/2021.2/sim_models/maplib/efinix_maplib.v:196)
[EFX-0012 VERI-INFO] compiling module 'EFX_DSP12' (VERI-1018) (C:/Efinity/2021.2/sim_models/maplib/efinix_maplib.v:249)
[EFX-0012 VERI-INFO] compiling module 'EFX_RAM_4K' (VERI-1018) (C:/Efinity/2021.2/sim_models/maplib/efinix_maplib.v:302)
[EFX-0012 VERI-INFO] compiling module 'EFX_RAM_5K' (VERI-1018) (C:/Efinity/2021.2/sim_models/maplib/efinix_maplib.v:362)
[EFX-0012 VERI-INFO] compiling module 'EFX_DPRAM_5K' (VERI-1018) (C:/Efinity/2021.2/sim_models/maplib/efinix_maplib.v:434)
[EFX-0012 VERI-INFO] compiling module 'RAMB5' (VERI-1018) (C:/Efinity/2021.2/sim_models/maplib/efinix_maplib.v:539)
[EFX-0012 VERI-INFO] compiling module 'EFX_RAM_10K' (VERI-1018) (C:/Efinity/2021.2/sim_models/maplib/efinix_maplib.v:601)
[EFX-0012 VERI-INFO] compiling module 'EFX_RAM10' (VERI-1018) (C:/Efinity/2021.2/sim_models/maplib/efinix_maplib.v:693)
[EFX-0012 VERI-INFO] compiling module 'EFX_DPRAM10' (VERI-1018) (C:/Efinity/2021.2/sim_models/maplib/efinix_maplib.v:794)
[EFX-0012 VERI-INFO] compiling module 'EFX_SRL8' (VERI-1018) (C:/Efinity/2021.2/sim_models/maplib/efinix_maplib.v:924)
[EFX-0000 INFO] ... Pre-synthesis checks begin
[EFX-0200 WARNING] Removing redundant signal : video_vsync. (C:/Users\sanas\OneDrive\Documents\MIPI_Loopback\video_gen.v:53)
[EFX-0200 WARNING] Removing redundant signal : video_valid_v. (C:/Users\sanas\OneDrive\Documents\MIPI_Loopback\video_gen.v:53)
[EFX-0200 WARNING] Removing redundant signal : wr_rst_n. (C:/Users\sanas\OneDrive\Documents\MIPI_Loopback\memory.v:32)
[EFX-0200 WARNING] Removing redundant signal : rd_rst_n. (C:/Users\sanas\OneDrive\Documents\MIPI_Loopback\memory.v:34)
[EFX-0677 INFO] Zero initialization of uninitialized memory block 'mem'. (C:/Users\sanas\OneDrive\Documents\MIPI_Loopback\memory.v:44)
[EFX-0266 WARNING] Module Instance 'gen_probe_in_sync[0].sync_probe_in_U' input pin tied to constant (RSTA=0).
[EFX-0266 WARNING] Module Instance 'gen_probe_in_sync[0].sync_probe_in_U' input pin tied to constant (RSTB=0).
[EFX-0266 WARNING] Module Instance 'gen_probe_in_sync[0].sync_probe_in_U' input pin tied to constant (ENB=1).
[EFX-0266 WARNING] Module Instance 'gen_probe_in_sync[1].sync_probe_in_U' input pin tied to constant (RSTA=0).
[EFX-0266 WARNING] Module Instance 'gen_probe_in_sync[1].sync_probe_in_U' input pin tied to constant (RSTB=0).
[EFX-0266 WARNING] Module Instance 'gen_probe_in_sync[1].sync_probe_in_U' input pin tied to constant (ENB=1).
[EFX-0266 WARNING] Module Instance 'gen_probe_in_sync[2].sync_probe_in_U' input pin tied to constant (RSTA=0).
[EFX-0266 WARNING] Module Instance 'gen_probe_in_sync[2].sync_probe_in_U' input pin tied to constant (RSTB=0).
[EFX-0266 WARNING] Module Instance 'gen_probe_in_sync[2].sync_probe_in_U' input pin tied to constant (ENB=1).
[EFX-0266 WARNING] Module Instance 'gen_probe_in_sync[3].sync_probe_in_U' input pin tied to constant (RSTA=0).
[EFX-0266 WARNING] Module Instance 'gen_probe_in_sync[3].sync_probe_in_U' input pin tied to constant (RSTB=0).
[EFX-0266 WARNING] Module Instance 'gen_probe_in_sync[3].sync_probe_in_U' input pin tied to constant (ENB=1).
[EFX-0266 WARNING] Module Instance 'gen_probe_in_sync[4].sync_probe_in_U' input pin tied to constant (RSTA=0).
[EFX-0266 WARNING] Module Instance 'gen_probe_in_sync[4].sync_probe_in_U' input pin tied to constant (RSTB=0).
[EFX-0266 WARNING] Module Instance 'gen_probe_in_sync[4].sync_probe_in_U' input pin tied to constant (ENB=1).
[EFX-0266 WARNING] Module Instance 'gen_probe_in_sync[5].sync_probe_in_U' input pin tied to constant (RSTA=0).
[EFX-0266 WARNING] Module Instance 'gen_probe_in_sync[5].sync_probe_in_U' input pin tied to constant (RSTB=0).
[EFX-0266 WARNING] Module Instance 'gen_probe_in_sync[5].sync_probe_in_U' input pin tied to constant (ENB=1).
[EFX-0266 WARNING] Module Instance 'gen_probe_in_sync[6].sync_probe_in_U' input pin tied to constant (RSTA=0).
[EFX-0266 WARNING] Module Instance 'gen_probe_in_sync[6].sync_probe_in_U' input pin tied to constant (RSTB=0).
[EFX-0266 WARNING] Module Instance 'gen_probe_in_sync[6].sync_probe_in_U' input pin tied to constant (ENB=1).
[EFX-0266 WARNING] Module Instance 'gen_probe_in_sync[7].sync_probe_in_U' input pin tied to constant (RSTA=0).
[EFX-0266 WARNING] Module Instance 'gen_probe_in_sync[7].sync_probe_in_U' input pin tied to constant (RSTB=0).
[EFX-0266 WARNING] Module Instance 'gen_probe_in_sync[7].sync_probe_in_U' input pin tied to constant (ENB=1).
[EFX-0266 WARNING] Module Instance 'gen_probe_in_sync[8].sync_probe_in_U' input pin tied to constant (RSTA=0).
[EFX-0266 WARNING] Module Instance 'gen_probe_in_sync[8].sync_probe_in_U' input pin tied to constant (RSTB=0).
[EFX-0266 WARNING] Module Instance 'gen_probe_in_sync[8].sync_probe_in_U' input pin tied to constant (ENB=1).
[EFX-0266 WARNING] Module Instance 'gen_probe_in_sync[9].sync_probe_in_U' input pin tied to constant (RSTA=0).
[EFX-0266 WARNING] Module Instance 'gen_probe_in_sync[9].sync_probe_in_U' input pin tied to constant (RSTB=0).
[EFX-0266 WARNING] Module Instance 'gen_probe_in_sync[9].sync_probe_in_U' input pin tied to constant (ENB=1).
[EFX-0266 WARNING] Module Instance 'gen_probe_in_sync[10].sync_probe_in_U' input pin tied to constant (RSTA=0).
[EFX-0266 WARNING] Module Instance 'gen_probe_in_sync[10].sync_probe_in_U' input pin tied to constant (RSTB=0).
[EFX-0266 WARNING] Module Instance 'gen_probe_in_sync[10].sync_probe_in_U' input pin tied to constant (ENB=1).
[EFX-0266 WARNING] Module Instance 'gen_probe_in_sync[11].sync_probe_in_U' input pin tied to constant (RSTA=0).
[EFX-0266 WARNING] Module Instance 'gen_probe_in_sync[11].sync_probe_in_U' input pin tied to constant (RSTB=0).
[EFX-0266 WARNING] Module Instance 'gen_probe_in_sync[11].sync_probe_in_U' input pin tied to constant (ENB=1).
[EFX-0266 WARNING] Module Instance 'gen_probe_in_sync[12].sync_probe_in_U' input pin tied to constant (RSTA=0).
[EFX-0266 WARNING] Module Instance 'gen_probe_in_sync[12].sync_probe_in_U' input pin tied to constant (RSTB=0).
[EFX-0266 WARNING] Module Instance 'gen_probe_in_sync[12].sync_probe_in_U' input pin tied to constant (ENB=1).
[EFX-0266 WARNING] Module Instance 'gen_probe_in_sync[13].sync_probe_in_U' input pin tied to constant (RSTA=0).
[EFX-0266 WARNING] Module Instance 'gen_probe_in_sync[13].sync_probe_in_U' input pin tied to constant (RSTB=0).
[EFX-0266 WARNING] Module Instance 'gen_probe_in_sync[13].sync_probe_in_U' input pin tied to constant (ENB=1).
[EFX-0266 WARNING] Module Instance 'gen_probe_in_sync[14].sync_probe_in_U' input pin tied to constant (RSTA=0).
[EFX-0266 WARNING] Module Instance 'gen_probe_in_sync[14].sync_probe_in_U' input pin tied to constant (RSTB=0).
[EFX-0266 WARNING] Module Instance 'gen_probe_in_sync[14].sync_probe_in_U' input pin tied to constant (ENB=1).
[EFX-0266 WARNING] Module Instance 'gen_probe_in_sync[15].sync_probe_in_U' input pin tied to constant (RSTA=0).
[EFX-0266 WARNING] Module Instance 'gen_probe_in_sync[15].sync_probe_in_U' input pin tied to constant (RSTB=0).
[EFX-0266 WARNING] Module Instance 'gen_probe_in_sync[15].sync_probe_in_U' input pin tied to constant (ENB=1).
[EFX-0266 WARNING] Module Instance 'gen_probe_in_sync[16].sync_probe_in_U' input pin tied to constant (RSTA=0).
[EFX-0266 WARNING] Module Instance 'gen_probe_in_sync[16].sync_probe_in_U' input pin tied to constant (RSTB=0).
[EFX-0266 WARNING] Module Instance 'gen_probe_in_sync[16].sync_probe_in_U' input pin tied to constant (ENB=1).
[EFX-0266 WARNING] Module Instance 'gen_probe_in_sync[17].sync_probe_in_U' input pin tied to constant (RSTA=0).
[EFX-0266 WARNING] Module Instance 'gen_probe_in_sync[17].sync_probe_in_U' input pin tied to constant (RSTB=0).
[EFX-0266 WARNING] Module Instance 'gen_probe_in_sync[17].sync_probe_in_U' input pin tied to constant (ENB=1).
[EFX-0266 WARNING] Module Instance 'gen_probe_in_sync[18].sync_probe_in_U' input pin tied to constant (RSTA=0).
[EFX-0266 WARNING] Module Instance 'gen_probe_in_sync[18].sync_probe_in_U' input pin tied to constant (RSTB=0).
[EFX-0266 WARNING] Module Instance 'gen_probe_in_sync[18].sync_probe_in_U' input pin tied to constant (ENB=1).
[EFX-0266 WARNING] Module Instance 'gen_probe_in_sync[19].sync_probe_in_U' input pin tied to constant (RSTA=0).
[EFX-0266 WARNING] Module Instance 'gen_probe_in_sync[19].sync_probe_in_U' input pin tied to constant (RSTB=0).
[EFX-0266 WARNING] Module Instance 'gen_probe_in_sync[19].sync_probe_in_U' input pin tied to constant (ENB=1).
[EFX-0266 WARNING] Module Instance 'gen_probe_in_sync[20].sync_probe_in_U' input pin tied to constant (RSTA=0).
[EFX-0266 WARNING] Module Instance 'gen_probe_in_sync[20].sync_probe_in_U' input pin tied to constant (RSTB=0).
[EFX-0266 WARNING] Module Instance 'gen_probe_in_sync[20].sync_probe_in_U' input pin tied to constant (ENB=1).
[EFX-0266 WARNING] Module Instance 'gen_probe_in_sync[21].sync_probe_in_U' input pin tied to constant (RSTA=0).
[EFX-0266 WARNING] Module Instance 'gen_probe_in_sync[21].sync_probe_in_U' input pin tied to constant (RSTB=0).
[EFX-0266 WARNING] Module Instance 'gen_probe_in_sync[21].sync_probe_in_U' input pin tied to constant (ENB=1).
[EFX-0266 WARNING] Module Instance 'gen_probe_in_sync[22].sync_probe_in_U' input pin tied to constant (RSTA=0).
[EFX-0266 WARNING] Module Instance 'gen_probe_in_sync[22].sync_probe_in_U' input pin tied to constant (RSTB=0).
[EFX-0266 WARNING] Module Instance 'gen_probe_in_sync[22].sync_probe_in_U' input pin tied to constant (ENB=1).
[EFX-0266 WARNING] Module Instance 'gen_probe_in_sync[23].sync_probe_in_U' input pin tied to constant (RSTA=0).
[EFX-0266 WARNING] Module Instance 'gen_probe_in_sync[23].sync_probe_in_U' input pin tied to constant (RSTB=0).
[EFX-0266 WARNING] Module Instance 'gen_probe_in_sync[23].sync_probe_in_U' input pin tied to constant (ENB=1).
[EFX-0266 WARNING] Module Instance 'gen_probe_in_sync[24].sync_probe_in_U' input pin tied to constant (RSTA=0).
[EFX-0266 WARNING] Module Instance 'gen_probe_in_sync[24].sync_probe_in_U' input pin tied to constant (RSTB=0).
[EFX-0266 WARNING] Module Instance 'gen_probe_in_sync[24].sync_probe_in_U' input pin tied to constant (ENB=1).
[EFX-0266 WARNING] Module Instance 'gen_probe_in_sync[25].sync_probe_in_U' input pin tied to constant (RSTA=0).
[EFX-0266 WARNING] Module Instance 'gen_probe_in_sync[25].sync_probe_in_U' input pin tied to constant (RSTB=0).
[EFX-0266 WARNING] Module Instance 'gen_probe_in_sync[25].sync_probe_in_U' input pin tied to constant (ENB=1).
[EFX-0266 WARNING] Module Instance 'gen_probe_in_sync[26].sync_probe_in_U' input pin tied to constant (RSTA=0).
[EFX-0266 WARNING] Module Instance 'gen_probe_in_sync[26].sync_probe_in_U' input pin tied to constant (RSTB=0).
[EFX-0266 WARNING] Module Instance 'gen_probe_in_sync[26].sync_probe_in_U' input pin tied to constant (ENB=1).
[EFX-0266 WARNING] Module Instance 'gen_probe_in_sync[27].sync_probe_in_U' input pin tied to constant (RSTA=0).
[EFX-0266 WARNING] Module Instance 'gen_probe_in_sync[27].sync_probe_in_U' input pin tied to constant (RSTB=0).
[EFX-0266 WARNING] Module Instance 'gen_probe_in_sync[27].sync_probe_in_U' input pin tied to constant (ENB=1).
[EFX-0266 WARNING] Module Instance 'gen_probe_in_sync[28].sync_probe_in_U' input pin tied to constant (RSTA=0).
[EFX-0266 WARNING] Module Instance 'gen_probe_in_sync[28].sync_probe_in_U' input pin tied to constant (RSTB=0).
[EFX-0266 WARNING] Module Instance 'gen_probe_in_sync[28].sync_probe_in_U' input pin tied to constant (ENB=1).
[EFX-0266 WARNING] Module Instance 'gen_probe_in_sync[29].sync_probe_in_U' input pin tied to constant (RSTA=0).
[EFX-0266 WARNING] Module Instance 'gen_probe_in_sync[29].sync_probe_in_U' input pin tied to constant (RSTB=0).
[EFX-0266 WARNING] Module Instance 'gen_probe_in_sync[29].sync_probe_in_U' input pin tied to constant (ENB=1).
[EFX-0266 WARNING] Module Instance 'gen_probe_in_sync[30].sync_probe_in_U' input pin tied to constant (RSTA=0).
[EFX-0266 WARNING] Module Instance 'gen_probe_in_sync[30].sync_probe_in_U' input pin tied to constant (RSTB=0).
[EFX-0266 WARNING] Module Instance 'gen_probe_in_sync[30].sync_probe_in_U' input pin tied to constant (ENB=1).
[EFX-0266 WARNING] Module Instance 'gen_probe_in_sync[31].sync_probe_in_U' input pin tied to constant (RSTA=0).
[EFX-0266 WARNING] Module Instance 'gen_probe_in_sync[31].sync_probe_in_U' input pin tied to constant (RSTB=0).
[EFX-0266 WARNING] Module Instance 'gen_probe_in_sync[31].sync_probe_in_U' input pin tied to constant (ENB=1).
[EFX-0266 WARNING] Module Instance 'gen_probe_in_sync[32].sync_probe_in_U' input pin tied to constant (RSTA=0).
[EFX-0266 WARNING] Module Instance 'gen_probe_in_sync[32].sync_probe_in_U' input pin tied to constant (RSTB=0).
[EFX-0266 WARNING] Module Instance 'gen_probe_in_sync[32].sync_probe_in_U' input pin tied to constant (ENB=1).
[EFX-0266 WARNING] Module Instance 'gen_probe_in_sync[33].sync_probe_in_U' input pin tied to constant (RSTA=0).
[EFX-0031 INFO] 'mux_250' instance is encountered with don't-care(1'bx) input, rewiring to GND. (C:/Users\sanas\OneDrive\Documents\MIPI_Loopback\debug_top.v:1783)
[EFX-0200 WARNING] Removing redundant signal : bscan_DRCK. (C:/Users\sanas\OneDrive\Documents\MIPI_Loopback\debug_top.v:1077)
[EFX-0200 WARNING] Removing redundant signal : bscan_RUNTEST. (C:/Users\sanas\OneDrive\Documents\MIPI_Loopback\debug_top.v:1079)
[EFX-0200 WARNING] Removing redundant signal : bscan_SEL. (C:/Users\sanas\OneDrive\Documents\MIPI_Loopback\debug_top.v:1080)
[EFX-0200 WARNING] Removing redundant signal : bscan_TMS. (C:/Users\sanas\OneDrive\Documents\MIPI_Loopback\debug_top.v:1084)
[EFX-0200 WARNING] Removing redundant signal : edb_user_dr[44]. (C:/Users\sanas\OneDrive\Documents\MIPI_Loopback\debug_top.v:1091)
[EFX-0200 WARNING] Removing redundant signal : edb_user_dr[43]. (C:/Users\sanas\OneDrive\Documents\MIPI_Loopback\debug_top.v:1091)
[EFX-0200 WARNING] Removing redundant signal : edb_user_dr[42]. (C:/Users\sanas\OneDrive\Documents\MIPI_Loopback\debug_top.v:1091)
[EFX-0200 WARNING] Removing redundant signal : edb_user_dr[41]. (C:/Users\sanas\OneDrive\Documents\MIPI_Loopback\debug_top.v:1091)
[EFX-0200 WARNING] Removing redundant signal : edb_user_dr[40]. (C:/Users\sanas\OneDrive\Documents\MIPI_Loopback\debug_top.v:1091)
[EFX-0200 WARNING] Removing redundant signal : edb_user_dr[39]. (C:/Users\sanas\OneDrive\Documents\MIPI_Loopback\debug_top.v:1091)
[EFX-0200 WARNING] Removing redundant signal : edb_user_dr[38]. (C:/Users\sanas\OneDrive\Documents\MIPI_Loopback\debug_top.v:1091)
[EFX-0200 WARNING] Removing redundant signal : edb_user_dr[37]. (C:/Users\sanas\OneDrive\Documents\MIPI_Loopback\debug_top.v:1091)
[EFX-0200 WARNING] Removing redundant signal : edb_user_dr[36]. (C:/Users\sanas\OneDrive\Documents\MIPI_Loopback\debug_top.v:1091)
[EFX-0200 WARNING] Removing redundant signal : edb_user_dr[35]. (C:/Users\sanas\OneDrive\Documents\MIPI_Loopback\debug_top.v:1091)
[EFX-0200 WARNING] Removing redundant signal : edb_user_dr[34]. (C:/Users\sanas\OneDrive\Documents\MIPI_Loopback\debug_top.v:1091)
[EFX-0200 WARNING] Removing redundant signal : edb_user_dr[33]. (C:/Users\sanas\OneDrive\Documents\MIPI_Loopback\debug_top.v:1091)
[EFX-0201 WARNING] Re-wiring to GND non-driven net 'probe_out_sync[0]'. (C:/Users\sanas\OneDrive\Documents\MIPI_Loopback\debug_top.v:1232)
[EFX-0000 INFO] ... Pre-synthesis checks end (Real time : 0s)
[EFX-0000 INFO] ... NameSpace init begin
[EFX-0000 INFO] ... NameSpace init end (Real time : 0s)
[EFX-0000 INFO] ... Mapping design "mipi_loopback_top"
[EFX-0000 INFO] ... Hierarchical pre-synthesis "video_gen" begin
[EFX-0000 INFO] ... Hierarchical pre-synthesis "video_gen" end (Real time : 0s)
[EFX-0000 INFO] ... Hierarchical pre-synthesis "sw_counter(MAX_CNT=4)" begin
[EFX-0000 INFO] ... Hierarchical pre-synthesis "sw_counter(MAX_CNT=4)" end (Real time : 0s)
[EFX-0000 INFO] ... Hierarchical pre-synthesis "memory(DATA_WIDTH=16,ADDR_WIDTH=12,RAM_DEPTH=4096)" begin
[EFX-0000 INFO] ... Clocked Read Port Synthesis for ram net: mem
[EFX-0000 INFO] ... Hierarchical pre-synthesis "memory(DATA_WIDTH=16,ADDR_WIDTH=12,RAM_DEPTH=4096)" end (Real time : 0s)
[EFX-0000 INFO] ... Hierarchical pre-synthesis "fifo(DATA_WIDTH=16,ADDR_WIDTH=12)" begin
[EFX-0000 INFO] ... Hierarchical pre-synthesis "fifo(DATA_WIDTH=16,ADDR_WIDTH=12)" end (Real time : 0s)
[EFX-0000 INFO] ... Hierarchical pre-synthesis "sw_counter(MAX_CNT=2)" begin
[EFX-0000 INFO] ... Hierarchical pre-synthesis "sw_counter(MAX_CNT=2)" end (Real time : 0s)
[EFX-0000 INFO] ... Hierarchical pre-synthesis "adbg_crc32" begin
[EFX-0000 INFO] ... Hierarchical pre-synthesis "adbg_crc32" end (Real time : 0s)
[EFX-0000 INFO] ... Hierarchical pre-synthesis "syncer" begin
[EFX-0000 INFO] ... Hierarchical pre-synthesis "syncer" end (Real time : 0s)
[EFX-0000 INFO] ... Hierarchical pre-synthesis "vio_core(INT_WIDTH=68,OUT_WIDTH=0,PROBE_OUT_INIT_VAL=1'b0)" begin
[EFX-0000 INFO] ... Hierarchical pre-synthesis "vio_core(INT_WIDTH=68,OUT_WIDTH=0,PROBE_OUT_INIT_VAL=1'b0)" end (Real time : 0s)
[EFX-0000 INFO] ... Hierarchical pre-synthesis "edb_vio_top(NUM_PROBE_IN=7,NUM_PROBE_OUT=0,PROBE_IN0_WIDTH=18,PROBE_IN1_WIDTH=6,PROBE_IN2_WIDTH=2,PROBE_IN4_WIDTH=20,PROBE_IN5_WIDTH=20)" begin
[EFX-0000 INFO] ... Hierarchical pre-synthesis "edb_vio_top(NUM_PROBE_IN=7,NUM_PROBE_OUT=0,PROBE_IN0_WIDTH=18,PROBE_IN1_WIDTH=6,PROBE_IN2_WIDTH=2,PROBE_IN4_WIDTH=20,PROBE_IN5_WIDTH=20)" end (Real time : 0s)
[EFX-0000 INFO] ... Hierarchical pre-synthesis "debug_hub" begin
[EFX-0000 INFO] ... Hierarchical pre-synthesis "debug_hub" end (Real time : 0s)
[EFX-0000 INFO] ... Hierarchical pre-synthesis "edb_top" begin
[EFX-0000 INFO] ... Hierarchical pre-synthesis "edb_top" end (Real time : 0s)
[EFX-0000 INFO] ... Hierarchical pre-synthesis "mipi_loopback_top" begin
[EFX-0000 INFO] ... Clock Enable Synthesis Performed on 71 flops.
[EFX-0000 INFO] ... Hierarchical pre-synthesis "mipi_loopback_top" end (Real time : 2s)
[EFX-0000 INFO] ... Flat optimizations begin
[EFX-0000 INFO] ... Flat optimizations end (Real time : 0s)
[EFX-0000 INFO] ... Flat synthesis begin
[EFX-0000 INFO] ... Flat synthesis end (Real time : 0s)
[EFX-0000 INFO] ... Flat optimizations begin
[EFX-0000 INFO] ... Flat optimizations end (Real time : 0s)
[EFX-0000 INFO] ... Check and break combinational loops begin
[EFX-0000 INFO] ... Check and break combinational loops end (Real time : 0s)
[EFX-0000 INFO] ... Sequential Optimization begin
[EFX-0000 INFO] ... Clock Network rx_vga_clk with 4321 loads will be considered for sequential optimization.
[EFX-0000 INFO] ... Clock Network bscan_TCK with 238 loads will be considered for sequential optimization.
[EFX-0000 INFO] ... Clock Network rx_pixel_clk with 224 loads will be considered for sequential optimization.
[EFX-0000 INFO] ... Clock Network tx_vga_clk with 178 loads will be considered for sequential optimization.
[EFX-0000 INFO] ... Clock Network tx_pixel_clk with 67 loads will be considered for sequential optimization.
[EFX-0000 INFO] ... Sequential Optimization deduced 191 equivalent points.
[EFX-0000 INFO] ... Sequential Optimization end (Real time : 8s)
[EFX-0000 INFO] ... SOP modeling begin
[EFX-0000 INFO] ... SOP modeling end (Real time : 0s)
[EFX-0000 INFO] ... LUT mapping begin
[EFX-0000 INFO] ... LS, strategy: 3, nd: 808, ed: 2561, lv: 5, pw: 5886.80
[EFX-0000 INFO] ... LUT mapping end (Real time : 4s)
[EFX-0000 INFO] ... Post-synthesis Verific netlist creation begin
[EFX-0000 INFO] ... Post-synthesis Verific netlist creation end (Real time : 0s)
[EFX-0000 INFO] ... Postmap Retiming Optimization begin
[EFX-0000 INFO] ... Clock Network n7 with 4317 loads will be considered for retiming optimization.
[EFX-0000 INFO] ... Clock Network n126 with 236 loads will be considered for retiming optimization.
[EFX-0000 INFO] ... Clock Network n9 with 224 loads will be considered for retiming optimization.
[EFX-0000 INFO] ... Clock Network n3 with 175 loads will be considered for retiming optimization.
[EFX-0000 INFO] ... Clock Network n8 with 67 loads will be considered for retiming optimization.
[EFX-0000 INFO] ... Performed 0 retime moves.
[EFX-0000 INFO] ... Postmap Retiming Optimization end (Real time : 0s)
[EFX-0000 INFO] ... Post-synthesis Verific netlist unification/params processing begin
[EFX-0000 INFO] ... Post-synthesis Verific netlist unification/params processing end (Real time : 0s)
[EFX-0011 VERI-WARNING] Input/Inout Port my_mipi_rx_HSYNC[3] is unconnected and will be removed 
[EFX-0011 VERI-WARNING] Input/Inout Port my_mipi_rx_HSYNC[2] is unconnected and will be removed 
[EFX-0011 VERI-WARNING] Input/Inout Port my_mipi_rx_HSYNC[1] is unconnected and will be removed 
[EFX-0011 VERI-WARNING] Input/Inout Port my_mipi_rx_HSYNC[0] is unconnected and will be removed 
[EFX-0011 VERI-WARNING] Input/Inout Port my_mipi_rx_VSYNC[3] is unconnected and will be removed 
[EFX-0011 VERI-WARNING] Input/Inout Port my_mipi_rx_VSYNC[2] is unconnected and will be removed 
[EFX-0011 VERI-WARNING] Input/Inout Port my_mipi_rx_VSYNC[1] is unconnected and will be removed 
[EFX-0011 VERI-WARNING] Input/Inout Port my_mipi_rx_VC[1] is unconnected and will be removed 
[EFX-0011 VERI-WARNING] Input/Inout Port my_mipi_rx_VC[0] is unconnected and will be removed 
[EFX-0011 VERI-WARNING] Input/Inout Port my_mipi_rx_ULPS_CLK is unconnected and will be removed 
[EFX-0011 VERI-WARNING] Input/Inout Port my_mipi_rx_ULPS[3] is unconnected and will be removed 
[EFX-0011 VERI-WARNING] Input/Inout Port my_mipi_rx_ULPS[2] is unconnected and will be removed 
[EFX-0011 VERI-WARNING] Input/Inout Port my_mipi_rx_ULPS[1] is unconnected and will be removed 
[EFX-0011 VERI-WARNING] Input/Inout Port my_mipi_rx_ULPS[0] is unconnected and will be removed 
[EFX-0011 VERI-WARNING] Input/Inout Port bscan_DRCK is unconnected and will be removed 
[EFX-0011 VERI-WARNING] Input/Inout Port bscan_TMS is unconnected and will be removed 
[EFX-0011 VERI-WARNING] Input/Inout Port bscan_RUNTEST is unconnected and will be removed 
[EFX-0012 VERI-INFO] Found 17 warnings in the post-synthesis netlist. 
[EFX-0000 INFO] Resource Summary 
[EFX-0000 INFO] =============================== 
[EFX-0000 INFO] EFX_ADD         : 	8
[EFX-0000 INFO] EFX_LUT4        : 	741
[EFX-0000 INFO] EFX_FF          : 	4975
[EFX-0000 INFO] EFX_RAM_5K      : 	16
[EFX-0000 INFO] EFX_GBUFCE      : 	5
[EFX-0000 INFO] =============================== 

///////////////////////////////////
// Efinity Synthesis Started 
// May 14, 2022 12:36:31
///////////////////////////////////

[EFX-0012 VERI-INFO] default VHDL library search path is now "C:/Efinity/2021.2/sim_models/vhdl/packages/vhdl_2008" (VHDL-1504) 
[EFX-0011 VERI-WARNING] redeclaration of ANSI port 'video_vsync_o' is not allowed (VERI-1372) (C:/Users\sanas\OneDrive\Documents\MIPI_Loopback\video_gen.v:55)
[EFX-0011 VERI-WARNING] redeclaration of ANSI port 'video_hsync_o' is not allowed (VERI-1372) (C:/Users\sanas\OneDrive\Documents\MIPI_Loopback\video_gen.v:56)
[EFX-0011 VERI-WARNING] redeclaration of ANSI port 'video_hsync_o_2' is not allowed (VERI-1372) (C:/Users\sanas\OneDrive\Documents\MIPI_Loopback\video_gen.v:57)
[EFX-0011 VERI-WARNING] redeclaration of ANSI port 'red_o' is not allowed (VERI-1372) (C:/Users\sanas\OneDrive\Documents\MIPI_Loopback\video_gen.v:146)
[EFX-0011 VERI-WARNING] redeclaration of ANSI port 'green_o' is not allowed (VERI-1372) (C:/Users\sanas\OneDrive\Documents\MIPI_Loopback\video_gen.v:147)
[EFX-0011 VERI-WARNING] redeclaration of ANSI port 'blue_o' is not allowed (VERI-1372) (C:/Users\sanas\OneDrive\Documents\MIPI_Loopback\video_gen.v:148)
[EFX-0012 VERI-INFO] undeclared symbol 'valid_h_golden', assumed default net type 'wire' (VERI-2561) (C:/Users\sanas\OneDrive\Documents\MIPI_Loopback\mipi_loopback_top.v:478)
[EFX-0012 VERI-INFO] undeclared symbol 'vga_hs', assumed default net type 'wire' (VERI-2561) (C:/Users\sanas\OneDrive\Documents\MIPI_Loopback\mipi_loopback_top.v:546)
[EFX-0012 VERI-INFO] undeclared symbol 'vga_vs', assumed default net type 'wire' (VERI-2561) (C:/Users\sanas\OneDrive\Documents\MIPI_Loopback\mipi_loopback_top.v:547)
[EFX-0012 VERI-INFO] undeclared symbol 'vga_r', assumed default net type 'wire' (VERI-2561) (C:/Users\sanas\OneDrive\Documents\MIPI_Loopback\mipi_loopback_top.v:549)
[EFX-0012 VERI-INFO] undeclared symbol 'vga_g', assumed default net type 'wire' (VERI-2561) (C:/Users\sanas\OneDrive\Documents\MIPI_Loopback\mipi_loopback_top.v:550)
[EFX-0012 VERI-INFO] undeclared symbol 'vga_b', assumed default net type 'wire' (VERI-2561) (C:/Users\sanas\OneDrive\Documents\MIPI_Loopback\mipi_loopback_top.v:551)
[EFX-0012 VERI-INFO] compiling module 'mipi_loopback_top' (VERI-1018) (C:/Users\sanas\OneDrive\Documents\MIPI_Loopback\mipi_loopback_top.v:14)
[EFX-0012 VERI-INFO] compiling module 'video_gen' (VERI-1018) (C:/Users\sanas\OneDrive\Documents\MIPI_Loopback\video_gen.v:14)
[EFX-0011 VERI-WARNING] actual bit length 4 differs from formal bit length 2 for port 'video_pattern' (VERI-1330) (C:/Users\sanas\OneDrive\Documents\MIPI_Loopback\mipi_loopback_top.v:137)
[EFX-0012 VERI-INFO] compiling module 'sw_counter(MAX_CNT=4)' (VERI-1018) (C:/Users\sanas\OneDrive\Documents\MIPI_Loopback\sw_counter.v:14)
[EFX-0011 VERI-WARNING] expression size 4 truncated to fit in target size 3 (VERI-1209) (C:/Users\sanas\OneDrive\Documents\MIPI_Loopback\mipi_loopback_top.v:231)
[EFX-0011 VERI-WARNING] expression size 4 truncated to fit in target size 3 (VERI-1209) (C:/Users\sanas\OneDrive\Documents\MIPI_Loopback\mipi_loopback_top.v:430)
[EFX-0012 VERI-INFO] compiling module 'fifo(DATA_WIDTH=16,ADDR_WIDTH=12)' (VERI-1018) (C:/Users\sanas\OneDrive\Documents\MIPI_Loopback\fifo.v:14)
[EFX-0011 VERI-WARNING] expression size 14 truncated to fit in target size 13 (VERI-1209) (C:/Users\sanas\OneDrive\Documents\MIPI_Loopback\fifo.v:53)
[EFX-0011 VERI-WARNING] expression size 14 truncated to fit in target size 13 (VERI-1209) (C:/Users\sanas\OneDrive\Documents\MIPI_Loopback\fifo.v:54)
[EFX-0011 VERI-WARNING] expression size 32 truncated to fit in target size 13 (VERI-1209) (C:/Users\sanas\OneDrive\Documents\MIPI_Loopback\fifo.v:55)
[EFX-0011 VERI-WARNING] expression size 14 truncated to fit in target size 13 (VERI-1209) (C:/Users\sanas\OneDrive\Documents\MIPI_Loopback\fifo.v:56)
[EFX-0012 VERI-INFO] compiling module 'memory(DATA_WIDTH=16,ADDR_WIDTH=12,RAM_DEPTH=4096)' (VERI-1018) (C:/Users\sanas\OneDrive\Documents\MIPI_Loopback\memory.v:14)
[EFX-0012 VERI-INFO] extracting RAM for identifier 'mem' (VERI-2571) (C:/Users\sanas\OneDrive\Documents\MIPI_Loopback\memory.v:44)
[EFX-0011 VERI-WARNING] actual bit length 13 differs from formal bit length 12 for port 'waddr' (VERI-1330) (C:/Users\sanas\OneDrive\Documents\MIPI_Loopback\fifo.v:72)
[EFX-0011 VERI-WARNING] actual bit length 13 differs from formal bit length 12 for port 'raddr' (VERI-1330) (C:/Users\sanas\OneDrive\Documents\MIPI_Loopback\fifo.v:76)
[EFX-0011 VERI-WARNING] actual bit length 4 differs from formal bit length 2 for port 'video_pattern' (VERI-1330) (C:/Users\sanas\OneDrive\Documents\MIPI_Loopback\mipi_loopback_top.v:515)
[EFX-0012 VERI-INFO] compiling module 'sw_counter(MAX_CNT=2)' (VERI-1018) (C:/Users\sanas\OneDrive\Documents\MIPI_Loopback\sw_counter.v:14)
[EFX-0011 VERI-WARNING] expression size 5 truncated to fit in target size 1 (VERI-1209) (C:/Users\sanas\OneDrive\Documents\MIPI_Loopback\mipi_loopback_top.v:549)
[EFX-0011 VERI-WARNING] expression size 6 truncated to fit in target size 1 (VERI-1209) (C:/Users\sanas\OneDrive\Documents\MIPI_Loopback\mipi_loopback_top.v:550)
[EFX-0011 VERI-WARNING] expression size 5 truncated to fit in target size 1 (VERI-1209) (C:/Users\sanas\OneDrive\Documents\MIPI_Loopback\mipi_loopback_top.v:551)
[EFX-0011 VERI-WARNING] expression size 5 truncated to fit in target size 4 (VERI-1209) (C:/Users\sanas\OneDrive\Documents\MIPI_Loopback\mipi_loopback_top.v:577)
[EFX-0011 VERI-WARNING] expression size 21 truncated to fit in target size 20 (VERI-1209) (C:/Users\sanas\OneDrive\Documents\MIPI_Loopback\mipi_loopback_top.v:610)
[EFX-0011 VERI-WARNING] expression size 26 truncated to fit in target size 25 (VERI-1209) (C:/Users\sanas\OneDrive\Documents\MIPI_Loopback\mipi_loopback_top.v:629)
[EFX-0011 VERI-WARNING] expression size 32 truncated to fit in target size 1 (VERI-1209) (C:/Users\sanas\OneDrive\Documents\MIPI_Loopback\mipi_loopback_top.v:633)
[EFX-0012 VERI-INFO] compiling module 'edb_top' (VERI-1018) (C:/Users\sanas\OneDrive\Documents\MIPI_Loopback\debug_top.v:10)
[EFX-0012 VERI-INFO] compiling module 'edb_vio_top(NUM_PROBE_IN=7,NUM_PROBE_OUT=0,PROBE_IN0_WIDTH=18,PROBE_IN1_WIDTH=6,PROBE_IN2_WIDTH=2,PROBE_IN4_WIDTH=20,PROBE_IN5_WIDTH=20)' (VERI-1018) (C:/Users\sanas\OneDrive\Documents\MIPI_Loopback\debug_top.v:513)
[EFX-0012 VERI-INFO] compiling module 'vio_core(INT_WIDTH=68,OUT_WIDTH=0,PROBE_OUT_INIT_VAL=1'b0)' (VERI-1018) (C:/Users\sanas\OneDrive\Documents\MIPI_Loopback\debug_top.v:1070)
[EFX-0012 VERI-INFO] compiling module 'adbg_crc32' (VERI-1018) (C:/Users\sanas\OneDrive\Documents\MIPI_Loopback\debug_top.v:306)
[EFX-0012 VERI-INFO] compiling module 'syncer' (VERI-1018) (C:/Users\sanas\OneDrive\Documents\MIPI_Loopback\debug_top.v:1828)
[EFX-0011 VERI-WARNING] net 'probe_out_sync[0]' does not have a driver (VDB-1002) (C:/Users\sanas\OneDrive\Documents\MIPI_Loopback\debug_top.v:1232)
[EFX-0012 VERI-INFO] compiling module 'debug_hub' (VERI-1018) (C:/Users\sanas\OneDrive\Documents\MIPI_Loopback\debug_top.v:384)
[EFX-0011 VERI-WARNING] actual bit length 4 differs from formal bit length 2 for port 'VIO_0_video_pattern' (VERI-1330) (C:/Users\sanas\OneDrive\Documents\MIPI_Loopback\mipi_loopback_top.v:651)
[EFX-0000 INFO] Setting Synthesis Option: mode=speed
[EFX-0012 VERI-INFO] compiling module 'EFX_ADD' (VERI-1018) (C:/Efinity/2021.2/sim_models/maplib/efinix_maplib.v:6)
[EFX-0012 VERI-INFO] compiling module 'EFX_FF' (VERI-1018) (C:/Efinity/2021.2/sim_models/maplib/efinix_maplib.v:19)
[EFX-0012 VERI-INFO] compiling module 'EFX_COMB4' (VERI-1018) (C:/Efinity/2021.2/sim_models/maplib/efinix_maplib.v:36)
[EFX-0012 VERI-INFO] compiling module 'EFX_GBUFCE' (VERI-1018) (C:/Efinity/2021.2/sim_models/maplib/efinix_maplib.v:46)
[EFX-0012 VERI-INFO] compiling module 'EFX_IDDR' (VERI-1018) (C:/Efinity/2021.2/sim_models/maplib/efinix_maplib.v:55)
[EFX-0012 VERI-INFO] compiling module 'EFX_ODDR' (VERI-1018) (C:/Efinity/2021.2/sim_models/maplib/efinix_maplib.v:69)
[EFX-0012 VERI-INFO] compiling module 'EFX_IOBUF' (VERI-1018) (C:/Efinity/2021.2/sim_models/maplib/efinix_maplib.v:85)
[EFX-0012 VERI-INFO] compiling module 'EFX_LUT4' (VERI-1018) (C:/Efinity/2021.2/sim_models/maplib/efinix_maplib.v:97)
[EFX-0012 VERI-INFO] compiling module 'EFX_MULT' (VERI-1018) (C:/Efinity/2021.2/sim_models/maplib/efinix_maplib.v:105)
[EFX-0012 VERI-INFO] compiling module 'EFX_DSP48' (VERI-1018) (C:/Efinity/2021.2/sim_models/maplib/efinix_maplib.v:140)
[EFX-0012 VERI-INFO] compiling module 'EFX_DSP24' (VERI-1018) (C:/Efinity/2021.2/sim_models/maplib/efinix_maplib.v:196)
[EFX-0012 VERI-INFO] compiling module 'EFX_DSP12' (VERI-1018) (C:/Efinity/2021.2/sim_models/maplib/efinix_maplib.v:249)
[EFX-0012 VERI-INFO] compiling module 'EFX_RAM_4K' (VERI-1018) (C:/Efinity/2021.2/sim_models/maplib/efinix_maplib.v:302)
[EFX-0012 VERI-INFO] compiling module 'EFX_RAM_5K' (VERI-1018) (C:/Efinity/2021.2/sim_models/maplib/efinix_maplib.v:362)
[EFX-0012 VERI-INFO] compiling module 'EFX_DPRAM_5K' (VERI-1018) (C:/Efinity/2021.2/sim_models/maplib/efinix_maplib.v:434)
[EFX-0012 VERI-INFO] compiling module 'RAMB5' (VERI-1018) (C:/Efinity/2021.2/sim_models/maplib/efinix_maplib.v:539)
[EFX-0012 VERI-INFO] compiling module 'EFX_RAM_10K' (VERI-1018) (C:/Efinity/2021.2/sim_models/maplib/efinix_maplib.v:601)
[EFX-0012 VERI-INFO] compiling module 'EFX_RAM10' (VERI-1018) (C:/Efinity/2021.2/sim_models/maplib/efinix_maplib.v:693)
[EFX-0012 VERI-INFO] compiling module 'EFX_DPRAM10' (VERI-1018) (C:/Efinity/2021.2/sim_models/maplib/efinix_maplib.v:794)
[EFX-0012 VERI-INFO] compiling module 'EFX_SRL8' (VERI-1018) (C:/Efinity/2021.2/sim_models/maplib/efinix_maplib.v:924)
[EFX-0000 INFO] ... Pre-synthesis checks begin
[EFX-0200 WARNING] Removing redundant signal : video_vsync. (C:/Users\sanas\OneDrive\Documents\MIPI_Loopback\video_gen.v:53)
[EFX-0200 WARNING] Removing redundant signal : video_valid_v. (C:/Users\sanas\OneDrive\Documents\MIPI_Loopback\video_gen.v:53)
[EFX-0200 WARNING] Removing redundant signal : wr_rst_n. (C:/Users\sanas\OneDrive\Documents\MIPI_Loopback\memory.v:32)
[EFX-0200 WARNING] Removing redundant signal : rd_rst_n. (C:/Users\sanas\OneDrive\Documents\MIPI_Loopback\memory.v:34)
[EFX-0677 INFO] Zero initialization of uninitialized memory block 'mem'. (C:/Users\sanas\OneDrive\Documents\MIPI_Loopback\memory.v:44)
[EFX-0266 WARNING] Module Instance 'gen_probe_in_sync[0].sync_probe_in_U' input pin tied to constant (RSTA=0).
[EFX-0266 WARNING] Module Instance 'gen_probe_in_sync[0].sync_probe_in_U' input pin tied to constant (RSTB=0).
[EFX-0266 WARNING] Module Instance 'gen_probe_in_sync[0].sync_probe_in_U' input pin tied to constant (ENB=1).
[EFX-0266 WARNING] Module Instance 'gen_probe_in_sync[1].sync_probe_in_U' input pin tied to constant (RSTA=0).
[EFX-0266 WARNING] Module Instance 'gen_probe_in_sync[1].sync_probe_in_U' input pin tied to constant (RSTB=0).
[EFX-0266 WARNING] Module Instance 'gen_probe_in_sync[1].sync_probe_in_U' input pin tied to constant (ENB=1).
[EFX-0266 WARNING] Module Instance 'gen_probe_in_sync[2].sync_probe_in_U' input pin tied to constant (RSTA=0).
[EFX-0266 WARNING] Module Instance 'gen_probe_in_sync[2].sync_probe_in_U' input pin tied to constant (RSTB=0).
[EFX-0266 WARNING] Module Instance 'gen_probe_in_sync[2].sync_probe_in_U' input pin tied to constant (ENB=1).
[EFX-0266 WARNING] Module Instance 'gen_probe_in_sync[3].sync_probe_in_U' input pin tied to constant (RSTA=0).
[EFX-0266 WARNING] Module Instance 'gen_probe_in_sync[3].sync_probe_in_U' input pin tied to constant (RSTB=0).
[EFX-0266 WARNING] Module Instance 'gen_probe_in_sync[3].sync_probe_in_U' input pin tied to constant (ENB=1).
[EFX-0266 WARNING] Module Instance 'gen_probe_in_sync[4].sync_probe_in_U' input pin tied to constant (RSTA=0).
[EFX-0266 WARNING] Module Instance 'gen_probe_in_sync[4].sync_probe_in_U' input pin tied to constant (RSTB=0).
[EFX-0266 WARNING] Module Instance 'gen_probe_in_sync[4].sync_probe_in_U' input pin tied to constant (ENB=1).
[EFX-0266 WARNING] Module Instance 'gen_probe_in_sync[5].sync_probe_in_U' input pin tied to constant (RSTA=0).
[EFX-0266 WARNING] Module Instance 'gen_probe_in_sync[5].sync_probe_in_U' input pin tied to constant (RSTB=0).
[EFX-0266 WARNING] Module Instance 'gen_probe_in_sync[5].sync_probe_in_U' input pin tied to constant (ENB=1).
[EFX-0266 WARNING] Module Instance 'gen_probe_in_sync[6].sync_probe_in_U' input pin tied to constant (RSTA=0).
[EFX-0266 WARNING] Module Instance 'gen_probe_in_sync[6].sync_probe_in_U' input pin tied to constant (RSTB=0).
[EFX-0266 WARNING] Module Instance 'gen_probe_in_sync[6].sync_probe_in_U' input pin tied to constant (ENB=1).
[EFX-0266 WARNING] Module Instance 'gen_probe_in_sync[7].sync_probe_in_U' input pin tied to constant (RSTA=0).
[EFX-0266 WARNING] Module Instance 'gen_probe_in_sync[7].sync_probe_in_U' input pin tied to constant (RSTB=0).
[EFX-0266 WARNING] Module Instance 'gen_probe_in_sync[7].sync_probe_in_U' input pin tied to constant (ENB=1).
[EFX-0266 WARNING] Module Instance 'gen_probe_in_sync[8].sync_probe_in_U' input pin tied to constant (RSTA=0).
[EFX-0266 WARNING] Module Instance 'gen_probe_in_sync[8].sync_probe_in_U' input pin tied to constant (RSTB=0).
[EFX-0266 WARNING] Module Instance 'gen_probe_in_sync[8].sync_probe_in_U' input pin tied to constant (ENB=1).
[EFX-0266 WARNING] Module Instance 'gen_probe_in_sync[9].sync_probe_in_U' input pin tied to constant (RSTA=0).
[EFX-0266 WARNING] Module Instance 'gen_probe_in_sync[9].sync_probe_in_U' input pin tied to constant (RSTB=0).
[EFX-0266 WARNING] Module Instance 'gen_probe_in_sync[9].sync_probe_in_U' input pin tied to constant (ENB=1).
[EFX-0266 WARNING] Module Instance 'gen_probe_in_sync[10].sync_probe_in_U' input pin tied to constant (RSTA=0).
[EFX-0266 WARNING] Module Instance 'gen_probe_in_sync[10].sync_probe_in_U' input pin tied to constant (RSTB=0).
[EFX-0266 WARNING] Module Instance 'gen_probe_in_sync[10].sync_probe_in_U' input pin tied to constant (ENB=1).
[EFX-0266 WARNING] Module Instance 'gen_probe_in_sync[11].sync_probe_in_U' input pin tied to constant (RSTA=0).
[EFX-0266 WARNING] Module Instance 'gen_probe_in_sync[11].sync_probe_in_U' input pin tied to constant (RSTB=0).
[EFX-0266 WARNING] Module Instance 'gen_probe_in_sync[11].sync_probe_in_U' input pin tied to constant (ENB=1).
[EFX-0266 WARNING] Module Instance 'gen_probe_in_sync[12].sync_probe_in_U' input pin tied to constant (RSTA=0).
[EFX-0266 WARNING] Module Instance 'gen_probe_in_sync[12].sync_probe_in_U' input pin tied to constant (RSTB=0).
[EFX-0266 WARNING] Module Instance 'gen_probe_in_sync[12].sync_probe_in_U' input pin tied to constant (ENB=1).
[EFX-0266 WARNING] Module Instance 'gen_probe_in_sync[13].sync_probe_in_U' input pin tied to constant (RSTA=0).
[EFX-0266 WARNING] Module Instance 'gen_probe_in_sync[13].sync_probe_in_U' input pin tied to constant (RSTB=0).
[EFX-0266 WARNING] Module Instance 'gen_probe_in_sync[13].sync_probe_in_U' input pin tied to constant (ENB=1).
[EFX-0266 WARNING] Module Instance 'gen_probe_in_sync[14].sync_probe_in_U' input pin tied to constant (RSTA=0).
[EFX-0266 WARNING] Module Instance 'gen_probe_in_sync[14].sync_probe_in_U' input pin tied to constant (RSTB=0).
[EFX-0266 WARNING] Module Instance 'gen_probe_in_sync[14].sync_probe_in_U' input pin tied to constant (ENB=1).
[EFX-0266 WARNING] Module Instance 'gen_probe_in_sync[15].sync_probe_in_U' input pin tied to constant (RSTA=0).
[EFX-0266 WARNING] Module Instance 'gen_probe_in_sync[15].sync_probe_in_U' input pin tied to constant (RSTB=0).
[EFX-0266 WARNING] Module Instance 'gen_probe_in_sync[15].sync_probe_in_U' input pin tied to constant (ENB=1).
[EFX-0266 WARNING] Module Instance 'gen_probe_in_sync[16].sync_probe_in_U' input pin tied to constant (RSTA=0).
[EFX-0266 WARNING] Module Instance 'gen_probe_in_sync[16].sync_probe_in_U' input pin tied to constant (RSTB=0).
[EFX-0266 WARNING] Module Instance 'gen_probe_in_sync[16].sync_probe_in_U' input pin tied to constant (ENB=1).
[EFX-0266 WARNING] Module Instance 'gen_probe_in_sync[17].sync_probe_in_U' input pin tied to constant (RSTA=0).
[EFX-0266 WARNING] Module Instance 'gen_probe_in_sync[17].sync_probe_in_U' input pin tied to constant (RSTB=0).
[EFX-0266 WARNING] Module Instance 'gen_probe_in_sync[17].sync_probe_in_U' input pin tied to constant (ENB=1).
[EFX-0266 WARNING] Module Instance 'gen_probe_in_sync[18].sync_probe_in_U' input pin tied to constant (RSTA=0).
[EFX-0266 WARNING] Module Instance 'gen_probe_in_sync[18].sync_probe_in_U' input pin tied to constant (RSTB=0).
[EFX-0266 WARNING] Module Instance 'gen_probe_in_sync[18].sync_probe_in_U' input pin tied to constant (ENB=1).
[EFX-0266 WARNING] Module Instance 'gen_probe_in_sync[19].sync_probe_in_U' input pin tied to constant (RSTA=0).
[EFX-0266 WARNING] Module Instance 'gen_probe_in_sync[19].sync_probe_in_U' input pin tied to constant (RSTB=0).
[EFX-0266 WARNING] Module Instance 'gen_probe_in_sync[19].sync_probe_in_U' input pin tied to constant (ENB=1).
[EFX-0266 WARNING] Module Instance 'gen_probe_in_sync[20].sync_probe_in_U' input pin tied to constant (RSTA=0).
[EFX-0266 WARNING] Module Instance 'gen_probe_in_sync[20].sync_probe_in_U' input pin tied to constant (RSTB=0).
[EFX-0266 WARNING] Module Instance 'gen_probe_in_sync[20].sync_probe_in_U' input pin tied to constant (ENB=1).
[EFX-0266 WARNING] Module Instance 'gen_probe_in_sync[21].sync_probe_in_U' input pin tied to constant (RSTA=0).
[EFX-0266 WARNING] Module Instance 'gen_probe_in_sync[21].sync_probe_in_U' input pin tied to constant (RSTB=0).
[EFX-0266 WARNING] Module Instance 'gen_probe_in_sync[21].sync_probe_in_U' input pin tied to constant (ENB=1).
[EFX-0266 WARNING] Module Instance 'gen_probe_in_sync[22].sync_probe_in_U' input pin tied to constant (RSTA=0).
[EFX-0266 WARNING] Module Instance 'gen_probe_in_sync[22].sync_probe_in_U' input pin tied to constant (RSTB=0).
[EFX-0266 WARNING] Module Instance 'gen_probe_in_sync[22].sync_probe_in_U' input pin tied to constant (ENB=1).
[EFX-0266 WARNING] Module Instance 'gen_probe_in_sync[23].sync_probe_in_U' input pin tied to constant (RSTA=0).
[EFX-0266 WARNING] Module Instance 'gen_probe_in_sync[23].sync_probe_in_U' input pin tied to constant (RSTB=0).
[EFX-0266 WARNING] Module Instance 'gen_probe_in_sync[23].sync_probe_in_U' input pin tied to constant (ENB=1).
[EFX-0266 WARNING] Module Instance 'gen_probe_in_sync[24].sync_probe_in_U' input pin tied to constant (RSTA=0).
[EFX-0266 WARNING] Module Instance 'gen_probe_in_sync[24].sync_probe_in_U' input pin tied to constant (RSTB=0).
[EFX-0266 WARNING] Module Instance 'gen_probe_in_sync[24].sync_probe_in_U' input pin tied to constant (ENB=1).
[EFX-0266 WARNING] Module Instance 'gen_probe_in_sync[25].sync_probe_in_U' input pin tied to constant (RSTA=0).
[EFX-0266 WARNING] Module Instance 'gen_probe_in_sync[25].sync_probe_in_U' input pin tied to constant (RSTB=0).
[EFX-0266 WARNING] Module Instance 'gen_probe_in_sync[25].sync_probe_in_U' input pin tied to constant (ENB=1).
[EFX-0266 WARNING] Module Instance 'gen_probe_in_sync[26].sync_probe_in_U' input pin tied to constant (RSTA=0).
[EFX-0266 WARNING] Module Instance 'gen_probe_in_sync[26].sync_probe_in_U' input pin tied to constant (RSTB=0).
[EFX-0266 WARNING] Module Instance 'gen_probe_in_sync[26].sync_probe_in_U' input pin tied to constant (ENB=1).
[EFX-0266 WARNING] Module Instance 'gen_probe_in_sync[27].sync_probe_in_U' input pin tied to constant (RSTA=0).
[EFX-0266 WARNING] Module Instance 'gen_probe_in_sync[27].sync_probe_in_U' input pin tied to constant (RSTB=0).
[EFX-0266 WARNING] Module Instance 'gen_probe_in_sync[27].sync_probe_in_U' input pin tied to constant (ENB=1).
[EFX-0266 WARNING] Module Instance 'gen_probe_in_sync[28].sync_probe_in_U' input pin tied to constant (RSTA=0).
[EFX-0266 WARNING] Module Instance 'gen_probe_in_sync[28].sync_probe_in_U' input pin tied to constant (RSTB=0).
[EFX-0266 WARNING] Module Instance 'gen_probe_in_sync[28].sync_probe_in_U' input pin tied to constant (ENB=1).
[EFX-0266 WARNING] Module Instance 'gen_probe_in_sync[29].sync_probe_in_U' input pin tied to constant (RSTA=0).
[EFX-0266 WARNING] Module Instance 'gen_probe_in_sync[29].sync_probe_in_U' input pin tied to constant (RSTB=0).
[EFX-0266 WARNING] Module Instance 'gen_probe_in_sync[29].sync_probe_in_U' input pin tied to constant (ENB=1).
[EFX-0266 WARNING] Module Instance 'gen_probe_in_sync[30].sync_probe_in_U' input pin tied to constant (RSTA=0).
[EFX-0266 WARNING] Module Instance 'gen_probe_in_sync[30].sync_probe_in_U' input pin tied to constant (RSTB=0).
[EFX-0266 WARNING] Module Instance 'gen_probe_in_sync[30].sync_probe_in_U' input pin tied to constant (ENB=1).
[EFX-0266 WARNING] Module Instance 'gen_probe_in_sync[31].sync_probe_in_U' input pin tied to constant (RSTA=0).
[EFX-0266 WARNING] Module Instance 'gen_probe_in_sync[31].sync_probe_in_U' input pin tied to constant (RSTB=0).
[EFX-0266 WARNING] Module Instance 'gen_probe_in_sync[31].sync_probe_in_U' input pin tied to constant (ENB=1).
[EFX-0266 WARNING] Module Instance 'gen_probe_in_sync[32].sync_probe_in_U' input pin tied to constant (RSTA=0).
[EFX-0266 WARNING] Module Instance 'gen_probe_in_sync[32].sync_probe_in_U' input pin tied to constant (RSTB=0).
[EFX-0266 WARNING] Module Instance 'gen_probe_in_sync[32].sync_probe_in_U' input pin tied to constant (ENB=1).
[EFX-0266 WARNING] Module Instance 'gen_probe_in_sync[33].sync_probe_in_U' input pin tied to constant (RSTA=0).
[EFX-0031 INFO] 'mux_250' instance is encountered with don't-care(1'bx) input, rewiring to GND. (C:/Users\sanas\OneDrive\Documents\MIPI_Loopback\debug_top.v:1783)
[EFX-0200 WARNING] Removing redundant signal : bscan_DRCK. (C:/Users\sanas\OneDrive\Documents\MIPI_Loopback\debug_top.v:1077)
[EFX-0200 WARNING] Removing redundant signal : bscan_RUNTEST. (C:/Users\sanas\OneDrive\Documents\MIPI_Loopback\debug_top.v:1079)
[EFX-0200 WARNING] Removing redundant signal : bscan_SEL. (C:/Users\sanas\OneDrive\Documents\MIPI_Loopback\debug_top.v:1080)
[EFX-0200 WARNING] Removing redundant signal : bscan_TMS. (C:/Users\sanas\OneDrive\Documents\MIPI_Loopback\debug_top.v:1084)
[EFX-0200 WARNING] Removing redundant signal : edb_user_dr[44]. (C:/Users\sanas\OneDrive\Documents\MIPI_Loopback\debug_top.v:1091)
[EFX-0200 WARNING] Removing redundant signal : edb_user_dr[43]. (C:/Users\sanas\OneDrive\Documents\MIPI_Loopback\debug_top.v:1091)
[EFX-0200 WARNING] Removing redundant signal : edb_user_dr[42]. (C:/Users\sanas\OneDrive\Documents\MIPI_Loopback\debug_top.v:1091)
[EFX-0200 WARNING] Removing redundant signal : edb_user_dr[41]. (C:/Users\sanas\OneDrive\Documents\MIPI_Loopback\debug_top.v:1091)
[EFX-0200 WARNING] Removing redundant signal : edb_user_dr[40]. (C:/Users\sanas\OneDrive\Documents\MIPI_Loopback\debug_top.v:1091)
[EFX-0200 WARNING] Removing redundant signal : edb_user_dr[39]. (C:/Users\sanas\OneDrive\Documents\MIPI_Loopback\debug_top.v:1091)
[EFX-0200 WARNING] Removing redundant signal : edb_user_dr[38]. (C:/Users\sanas\OneDrive\Documents\MIPI_Loopback\debug_top.v:1091)
[EFX-0200 WARNING] Removing redundant signal : edb_user_dr[37]. (C:/Users\sanas\OneDrive\Documents\MIPI_Loopback\debug_top.v:1091)
[EFX-0200 WARNING] Removing redundant signal : edb_user_dr[36]. (C:/Users\sanas\OneDrive\Documents\MIPI_Loopback\debug_top.v:1091)
[EFX-0200 WARNING] Removing redundant signal : edb_user_dr[35]. (C:/Users\sanas\OneDrive\Documents\MIPI_Loopback\debug_top.v:1091)
[EFX-0200 WARNING] Removing redundant signal : edb_user_dr[34]. (C:/Users\sanas\OneDrive\Documents\MIPI_Loopback\debug_top.v:1091)
[EFX-0200 WARNING] Removing redundant signal : edb_user_dr[33]. (C:/Users\sanas\OneDrive\Documents\MIPI_Loopback\debug_top.v:1091)
[EFX-0201 WARNING] Re-wiring to GND non-driven net 'probe_out_sync[0]'. (C:/Users\sanas\OneDrive\Documents\MIPI_Loopback\debug_top.v:1232)
[EFX-0000 INFO] ... Pre-synthesis checks end (Real time : 0s)
[EFX-0000 INFO] ... NameSpace init begin
[EFX-0000 INFO] ... NameSpace init end (Real time : 0s)
[EFX-0000 INFO] ... Mapping design "mipi_loopback_top"
[EFX-0000 INFO] ... Hierarchical pre-synthesis "video_gen" begin
[EFX-0000 INFO] ... Hierarchical pre-synthesis "video_gen" end (Real time : 0s)
[EFX-0000 INFO] ... Hierarchical pre-synthesis "sw_counter(MAX_CNT=4)" begin
[EFX-0000 INFO] ... Hierarchical pre-synthesis "sw_counter(MAX_CNT=4)" end (Real time : 0s)
[EFX-0000 INFO] ... Hierarchical pre-synthesis "memory(DATA_WIDTH=16,ADDR_WIDTH=12,RAM_DEPTH=4096)" begin
[EFX-0000 INFO] ... Clocked Read Port Synthesis for ram net: mem
[EFX-0000 INFO] ... Hierarchical pre-synthesis "memory(DATA_WIDTH=16,ADDR_WIDTH=12,RAM_DEPTH=4096)" end (Real time : 0s)
[EFX-0000 INFO] ... Hierarchical pre-synthesis "fifo(DATA_WIDTH=16,ADDR_WIDTH=12)" begin
[EFX-0000 INFO] ... Hierarchical pre-synthesis "fifo(DATA_WIDTH=16,ADDR_WIDTH=12)" end (Real time : 0s)
[EFX-0000 INFO] ... Hierarchical pre-synthesis "sw_counter(MAX_CNT=2)" begin
[EFX-0000 INFO] ... Hierarchical pre-synthesis "sw_counter(MAX_CNT=2)" end (Real time : 0s)
[EFX-0000 INFO] ... Hierarchical pre-synthesis "adbg_crc32" begin
[EFX-0000 INFO] ... Hierarchical pre-synthesis "adbg_crc32" end (Real time : 0s)
[EFX-0000 INFO] ... Hierarchical pre-synthesis "syncer" begin
[EFX-0000 INFO] ... Hierarchical pre-synthesis "syncer" end (Real time : 0s)
[EFX-0000 INFO] ... Hierarchical pre-synthesis "vio_core(INT_WIDTH=68,OUT_WIDTH=0,PROBE_OUT_INIT_VAL=1'b0)" begin
[EFX-0000 INFO] ... Hierarchical pre-synthesis "vio_core(INT_WIDTH=68,OUT_WIDTH=0,PROBE_OUT_INIT_VAL=1'b0)" end (Real time : 0s)
[EFX-0000 INFO] ... Hierarchical pre-synthesis "edb_vio_top(NUM_PROBE_IN=7,NUM_PROBE_OUT=0,PROBE_IN0_WIDTH=18,PROBE_IN1_WIDTH=6,PROBE_IN2_WIDTH=2,PROBE_IN4_WIDTH=20,PROBE_IN5_WIDTH=20)" begin
[EFX-0000 INFO] ... Hierarchical pre-synthesis "edb_vio_top(NUM_PROBE_IN=7,NUM_PROBE_OUT=0,PROBE_IN0_WIDTH=18,PROBE_IN1_WIDTH=6,PROBE_IN2_WIDTH=2,PROBE_IN4_WIDTH=20,PROBE_IN5_WIDTH=20)" end (Real time : 0s)
[EFX-0000 INFO] ... Hierarchical pre-synthesis "debug_hub" begin
[EFX-0000 INFO] ... Hierarchical pre-synthesis "debug_hub" end (Real time : 0s)
[EFX-0000 INFO] ... Hierarchical pre-synthesis "edb_top" begin
[EFX-0000 INFO] ... Hierarchical pre-synthesis "edb_top" end (Real time : 0s)
[EFX-0000 INFO] ... Hierarchical pre-synthesis "mipi_loopback_top" begin
[EFX-0000 INFO] ... Clock Enable Synthesis Performed on 71 flops.
[EFX-0000 INFO] ... Hierarchical pre-synthesis "mipi_loopback_top" end (Real time : 1s)
[EFX-0000 INFO] ... Flat optimizations begin
[EFX-0000 INFO] ... Flat optimizations end (Real time : 0s)
[EFX-0000 INFO] ... Flat synthesis begin
[EFX-0000 INFO] ... Flat synthesis end (Real time : 0s)
[EFX-0000 INFO] ... Flat optimizations begin
[EFX-0000 INFO] ... Flat optimizations end (Real time : 0s)
[EFX-0000 INFO] ... Check and break combinational loops begin
[EFX-0000 INFO] ... Check and break combinational loops end (Real time : 0s)
[EFX-0000 INFO] ... Sequential Optimization begin
[EFX-0000 INFO] ... Clock Network rx_vga_clk with 4321 loads will be considered for sequential optimization.
[EFX-0000 INFO] ... Clock Network bscan_TCK with 238 loads will be considered for sequential optimization.
[EFX-0000 INFO] ... Clock Network rx_pixel_clk with 224 loads will be considered for sequential optimization.
[EFX-0000 INFO] ... Clock Network tx_vga_clk with 178 loads will be considered for sequential optimization.
[EFX-0000 INFO] ... Clock Network tx_pixel_clk with 67 loads will be considered for sequential optimization.
[EFX-0000 INFO] ... Sequential Optimization deduced 191 equivalent points.
[EFX-0000 INFO] ... Sequential Optimization end (Real time : 8s)
[EFX-0000 INFO] ... SOP modeling begin
[EFX-0000 INFO] ... SOP modeling end (Real time : 0s)
[EFX-0000 INFO] ... LUT mapping begin
[EFX-0000 INFO] ... LS, strategy: 3, nd: 808, ed: 2561, lv: 5, pw: 5886.80
[EFX-0000 INFO] ... LUT mapping end (Real time : 3s)
[EFX-0000 INFO] ... Post-synthesis Verific netlist creation begin
[EFX-0000 INFO] ... Post-synthesis Verific netlist creation end (Real time : 0s)
[EFX-0000 INFO] ... Postmap Retiming Optimization begin
[EFX-0000 INFO] ... Clock Network n7 with 4317 loads will be considered for retiming optimization.
[EFX-0000 INFO] ... Clock Network n126 with 236 loads will be considered for retiming optimization.
[EFX-0000 INFO] ... Clock Network n9 with 224 loads will be considered for retiming optimization.
[EFX-0000 INFO] ... Clock Network n3 with 175 loads will be considered for retiming optimization.
[EFX-0000 INFO] ... Clock Network n8 with 67 loads will be considered for retiming optimization.
[EFX-0000 INFO] ... Performed 0 retime moves.
[EFX-0000 INFO] ... Postmap Retiming Optimization end (Real time : 0s)
[EFX-0000 INFO] ... Post-synthesis Verific netlist unification/params processing begin
[EFX-0000 INFO] ... Post-synthesis Verific netlist unification/params processing end (Real time : 1s)
[EFX-0011 VERI-WARNING] Input/Inout Port my_mipi_rx_HSYNC[3] is unconnected and will be removed 
[EFX-0011 VERI-WARNING] Input/Inout Port my_mipi_rx_HSYNC[2] is unconnected and will be removed 
[EFX-0011 VERI-WARNING] Input/Inout Port my_mipi_rx_HSYNC[1] is unconnected and will be removed 
[EFX-0011 VERI-WARNING] Input/Inout Port my_mipi_rx_HSYNC[0] is unconnected and will be removed 
[EFX-0011 VERI-WARNING] Input/Inout Port my_mipi_rx_VSYNC[3] is unconnected and will be removed 
[EFX-0011 VERI-WARNING] Input/Inout Port my_mipi_rx_VSYNC[2] is unconnected and will be removed 
[EFX-0011 VERI-WARNING] Input/Inout Port my_mipi_rx_VSYNC[1] is unconnected and will be removed 
[EFX-0011 VERI-WARNING] Input/Inout Port my_mipi_rx_VC[1] is unconnected and will be removed 
[EFX-0011 VERI-WARNING] Input/Inout Port my_mipi_rx_VC[0] is unconnected and will be removed 
[EFX-0011 VERI-WARNING] Input/Inout Port my_mipi_rx_ULPS_CLK is unconnected and will be removed 
[EFX-0011 VERI-WARNING] Input/Inout Port my_mipi_rx_ULPS[3] is unconnected and will be removed 
[EFX-0011 VERI-WARNING] Input/Inout Port my_mipi_rx_ULPS[2] is unconnected and will be removed 
[EFX-0011 VERI-WARNING] Input/Inout Port my_mipi_rx_ULPS[1] is unconnected and will be removed 
[EFX-0011 VERI-WARNING] Input/Inout Port my_mipi_rx_ULPS[0] is unconnected and will be removed 
[EFX-0011 VERI-WARNING] Input/Inout Port bscan_DRCK is unconnected and will be removed 
[EFX-0011 VERI-WARNING] Input/Inout Port bscan_TMS is unconnected and will be removed 
[EFX-0011 VERI-WARNING] Input/Inout Port bscan_RUNTEST is unconnected and will be removed 
[EFX-0012 VERI-INFO] Found 17 warnings in the post-synthesis netlist. 
[EFX-0000 INFO] Resource Summary 
[EFX-0000 INFO] =============================== 
[EFX-0000 INFO] EFX_ADD         : 	8
[EFX-0000 INFO] EFX_LUT4        : 	741
[EFX-0000 INFO] EFX_FF          : 	4975
[EFX-0000 INFO] EFX_RAM_5K      : 	16
[EFX-0000 INFO] EFX_GBUFCE      : 	5
[EFX-0000 INFO] =============================== 
