
Efinix Static Timing Analysis Report
Version: 2021.2.323 
Date: Thu Jun 02 14:30:20 2022

Copyright (C) 2013 - 2021 Efinix Inc. All rights reserved.
 
Top-level Entity Name: mipi_pi_top

SDC Filename: C:/Users/sanas/OneDrive/Documents/t120_bridge/bridge_T120/mipi_pi_top.sdc

Timing Model: C4
	temperature : 0C to 85C
	voltage : 1.2V +/-50mV
	speedgrade : 4
	technology : s40ll
	status : final

---------- Table of Contents (begin) ----------
   1. Clock Frequency Summary 
   2. Clock Relationship Summary 
   3. Path Details for Max Critical Paths 
   4. Path Details for Min Critical Paths 
---------- Table of Contents (end) ------------

---------- 1. Clock Frequency Summary (begin) ----------

User target constrained clocks
Clock Name            Period (ns)   Frequency (MHz)   Waveform   Source Clock Name
mipi_inst2_ESC_CLK         49.630          20.149         {0.000 24.815}        mipi_inst2_ESC_CLK
mipi_cal_clk               10.000         100.000         {0.000 5.000}        mipi_cal_clk
mipi_pclk                  30.000          33.333         {0.000 15.000}        mipi_pclk

Maximum possible analyzed clocks frequency
Clock Name            Period (ns)   Frequency (MHz)   Edge
mipi_pclk                   9.099         109.897     (R-R)

Geomean max period: 9.099

---------- Clock Frequency Summary (end) ---------------

---------- 2. Clock Relationship Summary (begin) ----------

Setup (Max) Clock Relationship
Launch Clock        Capture Clock       Constraint (ns)   Slack (ns)    Edge
mipi_pclk            mipi_pclk                30.000        20.901     (R-R)

Hold (Min) Clock Relationship
Launch Clock        Capture Clock       Constraint (ns)   Slack (ns)    Edge
mipi_pclk            mipi_pclk                 0.000         0.086     (R-R)

NOTE: Values are in nanoseconds.

---------- Clock Relationship Summary (end) ---------------

---------- 3. Path Details for Max Critical Paths (begin) ----------


######################################################################
Path Detail Report (mipi_pclk vs mipi_pclk)
######################################################################


++++ Path 1 ++++++++++++++++++++++++++++++++++++++++++++++++++++++++++

Path Begin    : red_gain[1]~FF|CLK
Path End      : inst_line_buf/r_mipi_rx_data_1P[16]~FF|D
Launch Clock  : mipi_pclk (RISE)
Capture Clock : mipi_pclk (RISE)
Slack         : 20.901  (required time - arrival time)
Delay         : 8.580

Logic Level : 12
Non-global nets on path : 12
Global nets on path     : 0

Launch Clock Path Delay        :  5.310
+ Clock To Q + Data Path Delay :  8.979
--------------------------------------------
End-of-path arrival time       : 14.289

Constraint                     : 30.000
+ Capture Clock Path Delay     :  5.310
- Clock Uncertainty            :  0.120
--------------------------------------------
End-of-path required time      : 35.190


Launch Clock Path
pin name              model name    delay (ns)   cumulative delay (ns)    pins on net   location
=================================================================================================
 mipi_pclk             inpad           0.000                  0.000           2          (0,319)
 mipi_pclk             inpad           0.200                  0.200           2          (0,319)
 mipi_pclk             io              0.000                  0.200           2          (0,319)
   Routing elements:  
     Manhattan distance of X:1, Y:0
 CLKBUF__0|IO_in       gbuf_block      0.320                  0.520           2          (1,319)
 CLKBUF__0|I           gbuf            4.790                  5.310           2          (1,319)
 CLKBUF__0|O           gbuf            0.000                  5.310         475          (1,319)
 CLKBUF__0|clkout      gbuf_block      0.000                  5.310         475          (1,319)
 red_gain[1]~FF|CLK    ff              0.000                  5.310         475          (316,581)

Data Path
pin name                                        model name    delay (ns)   cumulative delay (ns)    pins on net   location
===========================================================================================================================
 red_gain[1]~FF|Q                                ff               0.282                  0.282          39          (316,581)
 red_gain[1]~FF|O_seq                            eft              2.936                  3.218          39          (316,581)
   Routing elements:  
     Manhattan distance of X:2, Y:14
 LUT__3871|I[1]                                  eft              0.223                  3.441          39          (318,595)
 LUT__3871|in[1]                                 lut              0.000                  3.441          39          (318,595)
 LUT__3871|out                                   lut              0.000                  3.441           2          (318,595)
 LUT__3871|O                                     eft              0.437                  3.878           2          (318,595)
   Routing elements:  
     Manhattan distance of X:0, Y:9
 inst_line_buf/add_88/i4|I1                      adder            0.223                  4.101           2          (318,586)
 inst_line_buf/add_88/i4|CO                      adder            0.000                  4.101           2          (318,586)
 inst_line_buf/add_88/i4|cout                    eft              0.000                  4.101           2          (318,586)
   Routing elements:  
     Manhattan distance of X:0, Y:1
 inst_line_buf/add_88/i5|CI                      adder            0.050                  4.151           2          (318,587)
 inst_line_buf/add_88/i5|CO                      adder            0.000                  4.151           2          (318,587)
 inst_line_buf/add_88/i5|cout                    eft              0.000                  4.151           2          (318,587)
   Routing elements:  
     Manhattan distance of X:0, Y:1
 inst_line_buf/add_88/i6|CI                      adder            0.190                  4.340           2          (318,588)
 inst_line_buf/add_88/i6|O                       adder            0.000                  4.340           2          (318,588)
 inst_line_buf/add_88/i6|O                       eft              0.967                  5.308           2          (318,588)
   Routing elements:  
     Manhattan distance of X:18, Y:0
 inst_line_buf/add_90/i6|I1                      adder            0.223                  5.531           2          (300,588)
 inst_line_buf/add_90/i6|CO                      adder            0.000                  5.531           2          (300,588)
 inst_line_buf/add_90/i6|cout                    eft              0.000                  5.531           2          (300,588)
   Routing elements:  
     Manhattan distance of X:0, Y:1
 inst_line_buf/add_90/i7|CI                      adder            0.050                  5.581           2          (300,589)
 inst_line_buf/add_90/i7|CO                      adder            0.000                  5.581           2          (300,589)
 inst_line_buf/add_90/i7|cout                    eft              0.000                  5.581           2          (300,589)
   Routing elements:  
     Manhattan distance of X:0, Y:1
 inst_line_buf/add_90/i8|CI                      adder            0.050                  5.631           2          (300,590)
 inst_line_buf/add_90/i8|CO                      adder            0.000                  5.631           2          (300,590)
 inst_line_buf/add_90/i8|cout                    eft              0.000                  5.631           2          (300,590)
   Routing elements:  
     Manhattan distance of X:0, Y:1
 inst_line_buf/add_90/i9|CI                      adder            0.050                  5.681           2          (300,591)
 inst_line_buf/add_90/i9|CO                      adder            0.000                  5.681           2          (300,591)
 inst_line_buf/add_90/i9|cout                    eft              0.000                  5.681           2          (300,591)
   Routing elements:  
     Manhattan distance of X:0, Y:1
 inst_line_buf/add_90/i10|CI                     adder            0.050                  5.730           2          (300,592)
 inst_line_buf/add_90/i10|CO                     adder            0.000                  5.730           2          (300,592)
 inst_line_buf/add_90/i10|cout                   eft              0.000                  5.730           2          (300,592)
   Routing elements:  
     Manhattan distance of X:0, Y:1
 inst_line_buf/add_90/i11|CI                     adder            0.190                  5.920           2          (300,593)
 inst_line_buf/add_90/i11|O                      adder            0.000                  5.920           2          (300,593)
 inst_line_buf/add_90/i11|O                      eft              0.336                  6.256           2          (300,593)
   Routing elements:  
     Manhattan distance of X:0, Y:2
 LUT__3636|I[0]                                  eft              0.267                  6.523           2          (300,595)
 LUT__3636|in[0]                                 lut              0.000                  6.523           2          (300,595)
 LUT__3636|out                                   lut              0.000                  6.523          11          (300,595)
 LUT__3636|O                                     eft              2.115                  8.638          11          (300,595)
   Routing elements:  
     Manhattan distance of X:4, Y:3
 inst_line_buf/r_mipi_rx_data_1P[16]~FF|I[1]     eft              0.223                  8.862          11          (296,598)
 LUT__3656|in[1]                                 lut              0.000                  8.862          11          (296,598)
 LUT__3656|out                                   lut              0.000                  8.862           2          (296,598)
 inst_line_buf/r_mipi_rx_data_1P[16]~FF|D        ff               0.118                  8.979           2          (296,598)

Capture Clock Path
pin name                                      model name    delay (ns)   cumulative delay (ns)    pins on net   location
=========================================================================================================================
 mipi_pclk                                     inpad           0.000                  0.000           2          (0,319)
 mipi_pclk                                     inpad           0.200                  0.200           2          (0,319)
 mipi_pclk                                     io              0.000                  0.200           2          (0,319)
   Routing elements:  
     Manhattan distance of X:1, Y:0
 CLKBUF__0|IO_in                               gbuf_block      0.320                  0.520           2          (1,319)
 CLKBUF__0|I                                   gbuf            4.790                  5.310           2          (1,319)
 CLKBUF__0|O                                   gbuf            0.000                  5.310         475          (1,319)
 CLKBUF__0|clkout                              gbuf_block      0.000                  5.310         475          (1,319)
 inst_line_buf/r_mipi_rx_data_1P[16]~FF|CLK    ff              0.000                  5.310         475          (296,598)

---------- Path Details for Max Critical Paths (end) ---------------

---------- 4. Path Details for Min Critical Paths (begin) ----------


######################################################################
Path Detail Report (mipi_pclk vs mipi_pclk)
######################################################################


++++ Path 1 ++++++++++++++++++++++++++++++++++++++++++++++++++++++++++

Path Begin    : r_waddr_1P[6]~FF|CLK
Path End      : inst_dly/ram__D$0|WADDR[2]
Launch Clock  : mipi_pclk (RISE)
Capture Clock : mipi_pclk (RISE)
Slack         : 0.086  (arrival time - required time)
Delay         : 0.170

Logic Level : 0
Non-global nets on path : 1
Global nets on path     : 0

Launch Clock Path Delay        :  2.655
+ Clock To Q + Data Path Delay :  0.146
--------------------------------------------
End-of-path arrival time       :  2.801

Constraint                     :  0.000
+ Capture Clock Path Delay     :  2.655
+ Clock Uncertainty            :  0.060
--------------------------------------------
End-of-path required time      :  2.715


Launch Clock Path
pin name                model name    delay (ns)   cumulative delay (ns)    pins on net   location
===================================================================================================
 mipi_pclk               inpad           0.000                  0.000           2          (0,319)
 mipi_pclk               inpad           0.100                  0.100           2          (0,319)
 mipi_pclk               io              0.000                  0.100           2          (0,319)
   Routing elements:  
     Manhattan distance of X:1, Y:0
 CLKBUF__0|IO_in         gbuf_block      0.160                  0.260           2          (1,319)
 CLKBUF__0|I             gbuf            2.395                  2.655           2          (1,319)
 CLKBUF__0|O             gbuf            0.000                  2.655         475          (1,319)
 CLKBUF__0|clkout        gbuf_block      0.000                  2.655         475          (1,319)
 r_waddr_1P[6]~FF|CLK    ff              0.000                  2.655         475          (288,632)

Data Path
pin name                      model name     delay (ns)   cumulative delay (ns)    pins on net   location
==========================================================================================================
 r_waddr_1P[6]~FF|Q            ff                0.141                  0.141           4          (288,632)
 r_waddr_1P[6]~FF|O_seq        eft               0.170                  0.311           4          (288,632)
   Routing elements:  
     Manhattan distance of X:1, Y:10
 inst_dly/ram__D$0|WADDR[2]    ram_4096x20      -0.165                  0.146           4          (289,622)

Capture Clock Path
pin name                  model name     delay (ns)   cumulative delay (ns)    pins on net   location
======================================================================================================
 mipi_pclk                 inpad            0.000                  0.000           2          (0,319)
 mipi_pclk                 inpad            0.100                  0.100           2          (0,319)
 mipi_pclk                 io               0.000                  0.100           2          (0,319)
   Routing elements:  
     Manhattan distance of X:1, Y:0
 CLKBUF__0|IO_in           gbuf_block       0.160                  0.260           2          (1,319)
 CLKBUF__0|I               gbuf             2.395                  2.655           2          (1,319)
 CLKBUF__0|O               gbuf             0.000                  2.655         475          (1,319)
 CLKBUF__0|clkout          gbuf_block       0.000                  2.655         475          (1,319)
 inst_dly/ram__D$0|WCLK    ram_4096x20      0.000                  2.655         475          (289,622)

---------- Path Details for Min Critical Paths (end) ---------------
