
///////////////////////////////////
// Efinity Synthesis Started 
// May 12, 2022 10:01:25
///////////////////////////////////


///////////////////////////////////
// Efinity Synthesis Started 
// May 12, 2022 10:03:29
///////////////////////////////////


///////////////////////////////////
// Efinity Synthesis Started 
// May 12, 2022 10:04:26
///////////////////////////////////


///////////////////////////////////
// Efinity Synthesis Started 
// May 12, 2022 10:06:49
///////////////////////////////////


///////////////////////////////////
// Efinity Synthesis Started 
// May 12, 2022 10:17:06
///////////////////////////////////


///////////////////////////////////
// Efinity Synthesis Started 
// May 12, 2022 10:23:48
///////////////////////////////////

[EFX-0010 VERI-ERROR] index 4 is out of range [3:0] for 'led' (VERI-1216) (C:/Users\sanas\OneDrive\Documents\LVDS\LVDS-T120\lvds_loopback_top.v:70)
[EFX-0021 ERROR] Verific elaboration of module 'lvds_loopback_top' failed.

///////////////////////////////////
// Efinity Synthesis Started 
// May 12, 2022 10:23:55
///////////////////////////////////

[EFX-0010 VERI-ERROR] index 4 is out of range [3:0] for 'led' (VERI-1216) (C:/Users\sanas\OneDrive\Documents\LVDS\LVDS-T120\lvds_loopback_top.v:70)
[EFX-0021 ERROR] Verific elaboration of module 'lvds_loopback_top' failed.

///////////////////////////////////
// Efinity Synthesis Started 
// May 12, 2022 10:24:38
///////////////////////////////////


///////////////////////////////////
// Efinity Synthesis Started 
// May 12, 2022 10:29:35
///////////////////////////////////


///////////////////////////////////
// Efinity Synthesis Started 
// May 12, 2022 11:15:31
///////////////////////////////////


///////////////////////////////////
// Efinity Synthesis Started 
// May 12, 2022 11:38:52
///////////////////////////////////


///////////////////////////////////
// Efinity Synthesis Started 
// May 12, 2022 18:27:30
///////////////////////////////////


///////////////////////////////////
// Efinity Synthesis Started 
// May 12, 2022 19:01:22
///////////////////////////////////


///////////////////////////////////
// Efinity Synthesis Started 
// May 13, 2022 13:13:57
///////////////////////////////////


///////////////////////////////////
// Efinity Synthesis Started 
// May 13, 2022 13:25:30
///////////////////////////////////


///////////////////////////////////
// Efinity Synthesis Started 
// May 13, 2022 14:11:58
///////////////////////////////////


///////////////////////////////////
// Efinity Synthesis Started 
// May 13, 2022 15:17:20
///////////////////////////////////


///////////////////////////////////
// Efinity Synthesis Started 
// May 13, 2022 15:38:12
///////////////////////////////////


///////////////////////////////////
// Efinity Synthesis Started 
// May 13, 2022 15:43:09
///////////////////////////////////


///////////////////////////////////
// Efinity Synthesis Started 
// May 13, 2022 15:50:14
///////////////////////////////////


///////////////////////////////////
// Efinity Synthesis Started 
// May 13, 2022 16:07:02
///////////////////////////////////


///////////////////////////////////
// Efinity Synthesis Started 
// May 13, 2022 16:09:35
///////////////////////////////////


///////////////////////////////////
// Efinity Synthesis Started 
// May 13, 2022 16:20:05
///////////////////////////////////


///////////////////////////////////
// Efinity Synthesis Started 
// May 13, 2022 16:36:05
///////////////////////////////////


///////////////////////////////////
// Efinity Synthesis Started 
// May 13, 2022 16:58:10
///////////////////////////////////


///////////////////////////////////
// Efinity Synthesis Started 
// May 14, 2022 09:22:47
///////////////////////////////////


///////////////////////////////////
// Efinity Synthesis Started 
// May 14, 2022 09:26:09
///////////////////////////////////


///////////////////////////////////
// Efinity Synthesis Started 
// May 14, 2022 09:35:08
///////////////////////////////////


///////////////////////////////////
// Efinity Synthesis Started 
// May 14, 2022 09:38:44
///////////////////////////////////


///////////////////////////////////
// Efinity Synthesis Started 
// May 14, 2022 09:38:59
///////////////////////////////////

